2025-12-19 00:17:37.216+09:00 WARN (UNKNOWN starrocks-fe-1_9010_1766069290773(-1)|1) [StateChangeExecutor.notifyNewFETypeTransfer():63] notify new FE type transfer: UNKNOWN
 2025-12-19 00:17:37.369+09:00 WARN (RepNode starrocks-fe-1_9010_1766069290773(-1)|79) [StateChangeExecutor.notifyNewFETypeTransfer():63] notify new FE type transfer: FOLLOWER
 2025-12-19 00:17:38.381+09:00 WARN (UNKNOWN starrocks-fe-1_9010_1766069290773(-1)|1) [ColocateTableIndex.cleanupInvalidDbOrTable():940] remove 0 invalid tableid: []
 2025-12-19 00:17:38.439+09:00 WARN (UNKNOWN starrocks-fe-1_9010_1766069290773(-1)|1) [GlobalStateMgr.loadImage():1675] Miss meta block [20001], This may not be a fatal error. It may be because there are new features in the version you upgraded this time, but there is no relevant metadata.
 2025-12-19 00:17:39.068+09:00 WARN (tablet stat mgr|33) [TabletStatMgr.updateLocalTabletStat():220] task exec error. backend[10001]
 org.apache.thrift.TException: java.net.UnknownHostException: starrocks-be-2
	at com.starrocks.rpc.ThriftRPCRequestExecutor.call(ThriftRPCRequestExecutor.java:60)
	at com.starrocks.rpc.ThriftRPCRequestExecutor.callNoRetry(ThriftRPCRequestExecutor.java:40)
	at com.starrocks.catalog.TabletStatMgr.updateLocalTabletStat(TabletStatMgr.java:212)
	at com.starrocks.catalog.TabletStatMgr.runAfterCatalogReady(TabletStatMgr.java:119)
	at com.starrocks.common.util.FrontendDaemon.runOneCycle(FrontendDaemon.java:78)
	at com.starrocks.common.util.Daemon.run(Daemon.java:98)
2025-12-19 00:17:39.138+09:00 WARN (tablet stat mgr|33) [TabletStatMgr.updateLocalTabletStat():220] task exec error. backend[10002]
 org.apache.thrift.TException: java.net.UnknownHostException: starrocks-be-0
	at com.starrocks.rpc.ThriftRPCRequestExecutor.call(ThriftRPCRequestExecutor.java:60)
	at com.starrocks.rpc.ThriftRPCRequestExecutor.callNoRetry(ThriftRPCRequestExecutor.java:40)
	at com.starrocks.catalog.TabletStatMgr.updateLocalTabletStat(TabletStatMgr.java:212)
	at com.starrocks.catalog.TabletStatMgr.runAfterCatalogReady(TabletStatMgr.java:119)
	at com.starrocks.common.util.FrontendDaemon.runOneCycle(FrontendDaemon.java:78)
	at com.starrocks.common.util.Daemon.run(Daemon.java:98)
2025-12-19 00:17:39.147+09:00 WARN (tablet stat mgr|33) [TabletStatMgr.updateLocalTabletStat():220] task exec error. backend[10003]
 org.apache.thrift.TException: java.net.UnknownHostException: starrocks-be-1
	at com.starrocks.rpc.ThriftRPCRequestExecutor.call(ThriftRPCRequestExecutor.java:60)
	at com.starrocks.rpc.ThriftRPCRequestExecutor.callNoRetry(ThriftRPCRequestExecutor.java:40)
	at com.starrocks.catalog.TabletStatMgr.updateLocalTabletStat(TabletStatMgr.java:212)
	at com.starrocks.catalog.TabletStatMgr.runAfterCatalogReady(TabletStatMgr.java:119)
	at com.starrocks.common.util.FrontendDaemon.runOneCycle(FrontendDaemon.java:78)
	at com.starrocks.common.util.Daemon.run(Daemon.java:98)
2025-12-19 00:17:40.478+09:00 WARN (PredicateColumnsDaemonThread|109) [BackendServiceClient.sendPlanFragmentAsync():107] Execute plan fragment catch a exception, address=starrocks-be-2:8060
 java.lang.RuntimeException: Unable to validate object
	at com.baidu.jprotobuf.pbrpc.transport.ChannelPool.getChannel(ChannelPool.java:86)
	at com.baidu.jprotobuf.pbrpc.transport.RpcChannel.getConnection(RpcChannel.java:73)
	at com.baidu.jprotobuf.pbrpc.client.ProtobufRpcProxy.invoke(ProtobufRpcProxy.java:499)
	at jdk.proxy2/jdk.proxy2.$Proxy33.execPlanFragmentAsync(Unknown Source)
	at com.starrocks.rpc.PBackendServiceWithMetrics.execPlanFragmentAsync(PBackendServiceWithMetrics.java:60)
	at com.starrocks.rpc.BackendServiceClient.sendPlanFragmentAsync(BackendServiceClient.java:90)
	at com.starrocks.rpc.BackendServiceClient.execPlanFragmentAsync(BackendServiceClient.java:128)
	at com.starrocks.qe.scheduler.dag.FragmentInstanceExecState.deployAsync(FragmentInstanceExecState.java:193)
	at java.base/java.util.ArrayList.forEach(ArrayList.java:1511)
	at com.starrocks.qe.scheduler.Deployer.deployFragments(Deployer.java:168)
	at com.starrocks.qe.scheduler.dag.AllAtOnceExecutionSchedule.schedule(AllAtOnceExecutionSchedule.java:134)
	at com.starrocks.qe.DefaultCoordinator.deliverExecFragments(DefaultCoordinator.java:665)
	at com.starrocks.qe.DefaultCoordinator.startScheduling(DefaultCoordinator.java:558)
	at com.starrocks.qe.scheduler.Coordinator.exec(Coordinator.java:96)
	at com.starrocks.qe.StmtExecutor.executeStmtWithExecPlan(StmtExecutor.java:3016)
	at com.starrocks.qe.SimpleExecutor.executeDQL(SimpleExecutor.java:107)
	at com.starrocks.qe.SimpleExecutor.executeDQL(SimpleExecutor.java:89)
	at com.starrocks.statistic.columns.PredicateColumnsStorage.restore(PredicateColumnsStorage.java:254)
	at com.starrocks.statistic.columns.PredicateColumnsMgr.restore(PredicateColumnsMgr.java:193)
	at com.starrocks.statistic.columns.PredicateColumnsMgr$DaemonThread.runAfterCatalogReady(PredicateColumnsMgr.java:237)
	at com.starrocks.common.util.FrontendDaemon.runOneCycle(FrontendDaemon.java:78)
	at com.starrocks.common.util.Daemon.run(Daemon.java:98)
Caused by: java.util.NoSuchElementException: Unable to validate object
	at org.apache.commons.pool2.impl.GenericObjectPool.borrowObject(GenericObjectPool.java:506)
	at org.apache.commons.pool2.impl.GenericObjectPool.borrowObject(GenericObjectPool.java:363)
	at com.baidu.jprotobuf.pbrpc.transport.ChannelPool.getChannel(ChannelPool.java:80)
	... 21 more
2025-12-19 00:17:40.483+09:00 WARN (PredicateColumnsDaemonThread|109) [FragmentInstanceExecState.waitForDeploymentCompletion():317] exec plan fragment failed, errmsg=Unable to validate object, host: starrocks-be-2 backend [id=10001] [host=starrocks-be-2], code=THRIFT_RPC_ERROR, fragmentId=F00, backend=starrocks-be-2:9060
 2025-12-19 00:17:40.486+09:00 WARN (PredicateColumnsDaemonThread|109) [HostBlacklist.add():92] add black list: 10001, at: 2025-12-19T00:17:40.486341880
 2025-12-19 00:17:40.487+09:00 WARN (PredicateColumnsDaemonThread|109) [StmtExecutor.executeStmtWithExecPlan():3026] Failed to execute executeStmtWithExecPlan
 com.starrocks.rpc.RpcException: rpc failed with starrocks-be-2: Unable to validate object, host: starrocks-be-2 backend [id=10001] [host=starrocks-be-2]
	at com.starrocks.qe.DefaultCoordinator.handleErrorExecution(DefaultCoordinator.java:742)
	at com.starrocks.qe.scheduler.Deployer.waitForDeploymentCompletion(Deployer.java:309)
	at com.starrocks.qe.scheduler.Deployer.deployFragments(Deployer.java:171)
	at com.starrocks.qe.scheduler.dag.AllAtOnceExecutionSchedule.schedule(AllAtOnceExecutionSchedule.java:134)
	at com.starrocks.qe.DefaultCoordinator.deliverExecFragments(DefaultCoordinator.java:665)
	at com.starrocks.qe.DefaultCoordinator.startScheduling(DefaultCoordinator.java:558)
	at com.starrocks.qe.scheduler.Coordinator.exec(Coordinator.java:96)
	at com.starrocks.qe.StmtExecutor.executeStmtWithExecPlan(StmtExecutor.java:3016)
	at com.starrocks.qe.SimpleExecutor.executeDQL(SimpleExecutor.java:107)
	at com.starrocks.qe.SimpleExecutor.executeDQL(SimpleExecutor.java:89)
	at com.starrocks.statistic.columns.PredicateColumnsStorage.restore(PredicateColumnsStorage.java:254)
	at com.starrocks.statistic.columns.PredicateColumnsMgr.restore(PredicateColumnsMgr.java:193)
	at com.starrocks.statistic.columns.PredicateColumnsMgr$DaemonThread.runAfterCatalogReady(PredicateColumnsMgr.java:237)
	at com.starrocks.common.util.FrontendDaemon.runOneCycle(FrontendDaemon.java:78)
	at com.starrocks.common.util.Daemon.run(Daemon.java:98)
2025-12-19 00:17:40.489+09:00 ERROR (PredicateColumnsDaemonThread|109) [SimpleExecutor.executeDQL():113] RepoExecutor execute SQL failed SELECT fe_id, db_id,  table_id,  column_id, usage, last_used, created FROM _statistics_.predicate_columns WHERE true  AND fe_id = '3'
 com.starrocks.sql.analyzer.SemanticException: Getting analyzing error. Detail message: RepoExecutorexecute sql failed with status: rpc failed with starrocks-be-2: Unable to validate object, host: starrocks-be-2 backend [id=10001] [host=starrocks-be-2].
	at com.starrocks.qe.SimpleExecutor.executeDQL(SimpleExecutor.java:109)
	at com.starrocks.qe.SimpleExecutor.executeDQL(SimpleExecutor.java:89)
	at com.starrocks.statistic.columns.PredicateColumnsStorage.restore(PredicateColumnsStorage.java:254)
	at com.starrocks.statistic.columns.PredicateColumnsMgr.restore(PredicateColumnsMgr.java:193)
	at com.starrocks.statistic.columns.PredicateColumnsMgr$DaemonThread.runAfterCatalogReady(PredicateColumnsMgr.java:237)
	at com.starrocks.common.util.FrontendDaemon.runOneCycle(FrontendDaemon.java:78)
	at com.starrocks.common.util.Daemon.run(Daemon.java:98)
2025-12-19 00:17:40.491+09:00 ERROR (PredicateColumnsDaemonThread|109) [Daemon.run():100] daemon thread got exception. name: PredicateColumnsDaemonThread
 com.starrocks.sql.analyzer.SemanticException: Getting analyzing error. Detail message: RepoExecutorexecute sql failed: SELECT fe_id, db_id,  table_id,  column_id, usage, last_used, created FROM _statistics_.predicate_columns WHERE true  AND fe_id = '3'.
	at com.starrocks.qe.SimpleExecutor.executeDQL(SimpleExecutor.java:114)
	at com.starrocks.qe.SimpleExecutor.executeDQL(SimpleExecutor.java:89)
	at com.starrocks.statistic.columns.PredicateColumnsStorage.restore(PredicateColumnsStorage.java:254)
	at com.starrocks.statistic.columns.PredicateColumnsMgr.restore(PredicateColumnsMgr.java:193)
	at com.starrocks.statistic.columns.PredicateColumnsMgr$DaemonThread.runAfterCatalogReady(PredicateColumnsMgr.java:237)
	at com.starrocks.common.util.FrontendDaemon.runOneCycle(FrontendDaemon.java:78)
	at com.starrocks.common.util.Daemon.run(Daemon.java:98)
Caused by: com.starrocks.sql.analyzer.SemanticException: Getting analyzing error. Detail message: RepoExecutorexecute sql failed with status: rpc failed with starrocks-be-2: Unable to validate object, host: starrocks-be-2 backend [id=10001] [host=starrocks-be-2].
	at com.starrocks.qe.SimpleExecutor.executeDQL(SimpleExecutor.java:109)
	... 6 more
2025-12-19 00:17:49.074+09:00 WARN (UpdateBlacklistThread|110) [HostBlacklist.remove():105] remove black list: 10001, at: 2025-12-19T00:17:49.073877884
 2025-12-19 00:17:49.075+09:00 WARN (UpdateBlacklistThread|110) [HostBlacklist.refresh():230] remove nodeID 10001 from blacklist
 2025-12-19 00:20:53.475+09:00 WARN (UNKNOWN starrocks-fe-1_9010_1766069290773(-1)|1) [StateChangeExecutor.notifyNewFETypeTransfer():63] notify new FE type transfer: UNKNOWN
 2025-12-19 00:20:53.527+09:00 WARN (RepNode starrocks-fe-1_9010_1766069290773(-1)|79) [StateChangeExecutor.notifyNewFETypeTransfer():63] notify new FE type transfer: FOLLOWER
 2025-12-19 00:20:54.826+09:00 WARN (UNKNOWN starrocks-fe-1_9010_1766069290773(-1)|1) [ColocateTableIndex.cleanupInvalidDbOrTable():940] remove 0 invalid tableid: []
 2025-12-19 00:20:54.921+09:00 WARN (UNKNOWN starrocks-fe-1_9010_1766069290773(-1)|1) [GlobalStateMgr.loadImage():1675] Miss meta block [20001], This may not be a fatal error. It may be because there are new features in the version you upgraded this time, but there is no relevant metadata.
 2025-12-19 00:20:55.052+09:00 WARN (tablet stat mgr|33) [TabletStatMgr.updateLocalTabletStat():220] task exec error. backend[10001]
 org.apache.thrift.TException: java.net.UnknownHostException: starrocks-be-2
	at com.starrocks.rpc.ThriftRPCRequestExecutor.call(ThriftRPCRequestExecutor.java:60)
	at com.starrocks.rpc.ThriftRPCRequestExecutor.callNoRetry(ThriftRPCRequestExecutor.java:40)
	at com.starrocks.catalog.TabletStatMgr.updateLocalTabletStat(TabletStatMgr.java:212)
	at com.starrocks.catalog.TabletStatMgr.runAfterCatalogReady(TabletStatMgr.java:119)
	at com.starrocks.common.util.FrontendDaemon.runOneCycle(FrontendDaemon.java:78)
	at com.starrocks.common.util.Daemon.run(Daemon.java:98)
2025-12-19 00:20:55.149+09:00 WARN (tablet stat mgr|33) [TabletStatMgr.updateLocalTabletStat():220] task exec error. backend[10002]
 org.apache.thrift.TException: java.net.UnknownHostException: starrocks-be-0
	at com.starrocks.rpc.ThriftRPCRequestExecutor.call(ThriftRPCRequestExecutor.java:60)
	at com.starrocks.rpc.ThriftRPCRequestExecutor.callNoRetry(ThriftRPCRequestExecutor.java:40)
	at com.starrocks.catalog.TabletStatMgr.updateLocalTabletStat(TabletStatMgr.java:212)
	at com.starrocks.catalog.TabletStatMgr.runAfterCatalogReady(TabletStatMgr.java:119)
	at com.starrocks.common.util.FrontendDaemon.runOneCycle(FrontendDaemon.java:78)
	at com.starrocks.common.util.Daemon.run(Daemon.java:98)
2025-12-19 00:20:55.158+09:00 WARN (tablet stat mgr|33) [TabletStatMgr.updateLocalTabletStat():220] task exec error. backend[10003]
 org.apache.thrift.TException: java.net.UnknownHostException: starrocks-be-1
	at com.starrocks.rpc.ThriftRPCRequestExecutor.call(ThriftRPCRequestExecutor.java:60)
	at com.starrocks.rpc.ThriftRPCRequestExecutor.callNoRetry(ThriftRPCRequestExecutor.java:40)
	at com.starrocks.catalog.TabletStatMgr.updateLocalTabletStat(TabletStatMgr.java:212)
	at com.starrocks.catalog.TabletStatMgr.runAfterCatalogReady(TabletStatMgr.java:119)
	at com.starrocks.common.util.FrontendDaemon.runOneCycle(FrontendDaemon.java:78)
	at com.starrocks.common.util.Daemon.run(Daemon.java:98)
2025-12-19 00:20:56.789+09:00 WARN (PredicateColumnsDaemonThread|108) [BackendServiceClient.sendPlanFragmentAsync():107] Execute plan fragment catch a exception, address=starrocks-be-2:8060
 java.lang.RuntimeException: Unable to validate object
	at com.baidu.jprotobuf.pbrpc.transport.ChannelPool.getChannel(ChannelPool.java:86)
	at com.baidu.jprotobuf.pbrpc.transport.RpcChannel.getConnection(RpcChannel.java:73)
	at com.baidu.jprotobuf.pbrpc.client.ProtobufRpcProxy.invoke(ProtobufRpcProxy.java:499)
	at jdk.proxy2/jdk.proxy2.$Proxy33.execPlanFragmentAsync(Unknown Source)
	at com.starrocks.rpc.PBackendServiceWithMetrics.execPlanFragmentAsync(PBackendServiceWithMetrics.java:60)
	at com.starrocks.rpc.BackendServiceClient.sendPlanFragmentAsync(BackendServiceClient.java:90)
	at com.starrocks.rpc.BackendServiceClient.execPlanFragmentAsync(BackendServiceClient.java:128)
	at com.starrocks.qe.scheduler.dag.FragmentInstanceExecState.deployAsync(FragmentInstanceExecState.java:193)
	at java.base/java.util.ArrayList.forEach(ArrayList.java:1511)
	at com.starrocks.qe.scheduler.Deployer.deployFragments(Deployer.java:168)
	at com.starrocks.qe.scheduler.dag.AllAtOnceExecutionSchedule.schedule(AllAtOnceExecutionSchedule.java:134)
	at com.starrocks.qe.DefaultCoordinator.deliverExecFragments(DefaultCoordinator.java:665)
	at com.starrocks.qe.DefaultCoordinator.startScheduling(DefaultCoordinator.java:558)
	at com.starrocks.qe.scheduler.Coordinator.exec(Coordinator.java:96)
	at com.starrocks.qe.StmtExecutor.executeStmtWithExecPlan(StmtExecutor.java:3016)
	at com.starrocks.qe.SimpleExecutor.executeDQL(SimpleExecutor.java:107)
	at com.starrocks.qe.SimpleExecutor.executeDQL(SimpleExecutor.java:89)
	at com.starrocks.statistic.columns.PredicateColumnsStorage.restore(PredicateColumnsStorage.java:254)
	at com.starrocks.statistic.columns.PredicateColumnsMgr.restore(PredicateColumnsMgr.java:193)
	at com.starrocks.statistic.columns.PredicateColumnsMgr$DaemonThread.runAfterCatalogReady(PredicateColumnsMgr.java:237)
	at com.starrocks.common.util.FrontendDaemon.runOneCycle(FrontendDaemon.java:78)
	at com.starrocks.common.util.Daemon.run(Daemon.java:98)
Caused by: java.util.NoSuchElementException: Unable to validate object
	at org.apache.commons.pool2.impl.GenericObjectPool.borrowObject(GenericObjectPool.java:506)
	at org.apache.commons.pool2.impl.GenericObjectPool.borrowObject(GenericObjectPool.java:363)
	at com.baidu.jprotobuf.pbrpc.transport.ChannelPool.getChannel(ChannelPool.java:80)
	... 21 more
2025-12-19 00:20:56.790+09:00 WARN (PredicateColumnsDaemonThread|108) [FragmentInstanceExecState.waitForDeploymentCompletion():317] exec plan fragment failed, errmsg=Unable to validate object, host: starrocks-be-2 backend [id=10001] [host=starrocks-be-2], code=THRIFT_RPC_ERROR, fragmentId=F00, backend=starrocks-be-2:9060
 2025-12-19 00:20:56.794+09:00 WARN (PredicateColumnsDaemonThread|108) [HostBlacklist.add():92] add black list: 10001, at: 2025-12-19T00:20:56.793780792
 2025-12-19 00:20:56.795+09:00 WARN (PredicateColumnsDaemonThread|108) [StmtExecutor.executeStmtWithExecPlan():3026] Failed to execute executeStmtWithExecPlan
 com.starrocks.rpc.RpcException: rpc failed with starrocks-be-2: Unable to validate object, host: starrocks-be-2 backend [id=10001] [host=starrocks-be-2]
	at com.starrocks.qe.DefaultCoordinator.handleErrorExecution(DefaultCoordinator.java:742)
	at com.starrocks.qe.scheduler.Deployer.waitForDeploymentCompletion(Deployer.java:309)
	at com.starrocks.qe.scheduler.Deployer.deployFragments(Deployer.java:171)
	at com.starrocks.qe.scheduler.dag.AllAtOnceExecutionSchedule.schedule(AllAtOnceExecutionSchedule.java:134)
	at com.starrocks.qe.DefaultCoordinator.deliverExecFragments(DefaultCoordinator.java:665)
	at com.starrocks.qe.DefaultCoordinator.startScheduling(DefaultCoordinator.java:558)
	at com.starrocks.qe.scheduler.Coordinator.exec(Coordinator.java:96)
	at com.starrocks.qe.StmtExecutor.executeStmtWithExecPlan(StmtExecutor.java:3016)
	at com.starrocks.qe.SimpleExecutor.executeDQL(SimpleExecutor.java:107)
	at com.starrocks.qe.SimpleExecutor.executeDQL(SimpleExecutor.java:89)
	at com.starrocks.statistic.columns.PredicateColumnsStorage.restore(PredicateColumnsStorage.java:254)
	at com.starrocks.statistic.columns.PredicateColumnsMgr.restore(PredicateColumnsMgr.java:193)
	at com.starrocks.statistic.columns.PredicateColumnsMgr$DaemonThread.runAfterCatalogReady(PredicateColumnsMgr.java:237)
	at com.starrocks.common.util.FrontendDaemon.runOneCycle(FrontendDaemon.java:78)
	at com.starrocks.common.util.Daemon.run(Daemon.java:98)
2025-12-19 00:20:56.797+09:00 ERROR (PredicateColumnsDaemonThread|108) [SimpleExecutor.executeDQL():113] RepoExecutor execute SQL failed SELECT fe_id, db_id,  table_id,  column_id, usage, last_used, created FROM _statistics_.predicate_columns WHERE true  AND fe_id = '3'
 com.starrocks.sql.analyzer.SemanticException: Getting analyzing error. Detail message: RepoExecutorexecute sql failed with status: rpc failed with starrocks-be-2: Unable to validate object, host: starrocks-be-2 backend [id=10001] [host=starrocks-be-2].
	at com.starrocks.qe.SimpleExecutor.executeDQL(SimpleExecutor.java:109)
	at com.starrocks.qe.SimpleExecutor.executeDQL(SimpleExecutor.java:89)
	at com.starrocks.statistic.columns.PredicateColumnsStorage.restore(PredicateColumnsStorage.java:254)
	at com.starrocks.statistic.columns.PredicateColumnsMgr.restore(PredicateColumnsMgr.java:193)
	at com.starrocks.statistic.columns.PredicateColumnsMgr$DaemonThread.runAfterCatalogReady(PredicateColumnsMgr.java:237)
	at com.starrocks.common.util.FrontendDaemon.runOneCycle(FrontendDaemon.java:78)
	at com.starrocks.common.util.Daemon.run(Daemon.java:98)
2025-12-19 00:20:56.799+09:00 ERROR (PredicateColumnsDaemonThread|108) [Daemon.run():100] daemon thread got exception. name: PredicateColumnsDaemonThread
 com.starrocks.sql.analyzer.SemanticException: Getting analyzing error. Detail message: RepoExecutorexecute sql failed: SELECT fe_id, db_id,  table_id,  column_id, usage, last_used, created FROM _statistics_.predicate_columns WHERE true  AND fe_id = '3'.
	at com.starrocks.qe.SimpleExecutor.executeDQL(SimpleExecutor.java:114)
	at com.starrocks.qe.SimpleExecutor.executeDQL(SimpleExecutor.java:89)
	at com.starrocks.statistic.columns.PredicateColumnsStorage.restore(PredicateColumnsStorage.java:254)
	at com.starrocks.statistic.columns.PredicateColumnsMgr.restore(PredicateColumnsMgr.java:193)
	at com.starrocks.statistic.columns.PredicateColumnsMgr$DaemonThread.runAfterCatalogReady(PredicateColumnsMgr.java:237)
	at com.starrocks.common.util.FrontendDaemon.runOneCycle(FrontendDaemon.java:78)
	at com.starrocks.common.util.Daemon.run(Daemon.java:98)
Caused by: com.starrocks.sql.analyzer.SemanticException: Getting analyzing error. Detail message: RepoExecutorexecute sql failed with status: rpc failed with starrocks-be-2: Unable to validate object, host: starrocks-be-2 backend [id=10001] [host=starrocks-be-2].
	at com.starrocks.qe.SimpleExecutor.executeDQL(SimpleExecutor.java:109)
	... 6 more
2025-12-19 00:21:05.073+09:00 WARN (UpdateBlacklistThread|109) [HostBlacklist.remove():105] remove black list: 10001, at: 2025-12-19T00:21:05.072683630
 2025-12-19 00:21:05.074+09:00 WARN (UpdateBlacklistThread|109) [HostBlacklist.refresh():230] remove nodeID 10001 from blacklist
 2025-12-19 00:47:25.471+09:00 WARN (replayer|105) [RoutineLoadJob.unprotectUpdateState():1411] routine load job 13191-orders_rl changed to PAUSED with reason: null
 2025-12-19 00:52:01.198+09:00 WARN (replayer|105) [RoutineLoadJob.unprotectUpdateState():1418] routine load job 13191-orders_rl changed to STOPPED with reason: null
 2025-12-19 00:52:51.569+09:00 WARN (replayer|105) [RoutineLoadJob.unprotectUpdateState():1411] routine load job 13228-orders_rl changed to PAUSED with reason: null
 2025-12-19 01:00:01.859+09:00 WARN (replayer|105) [RoutineLoadJob.unprotectUpdateState():1418] routine load job 13228-orders_rl changed to STOPPED with reason: null
 2025-12-19 01:00:48.986+09:00 WARN (replayer|105) [RoutineLoadJob.unprotectUpdateState():1411] routine load job 13293-orders_rl changed to PAUSED with reason: null
 2025-12-19 01:04:48.797+09:00 WARN (replayer|105) [RoutineLoadJob.unprotectUpdateState():1418] routine load job 13293-orders_rl changed to STOPPED with reason: null
 2025-12-19 01:05:29.743+09:00 WARN (replayer|105) [RoutineLoadJob.unprotectUpdateState():1411] routine load job 13325-orders_rl changed to PAUSED with reason: null
 2025-12-19 02:15:07.863+09:00 WARN (replayer|105) [GlobalStateMgr$5.setCanRead():1983] meta out of date. current time: 1766078107861, synchronized time: 1766074096880, has log: false, fe type: FOLLOWER
 2025-12-19 03:09:03.063+09:00 WARN (replayer|105) [GlobalStateMgr$5.setCanRead():1983] meta out of date. current time: 1766081343062, synchronized time: 1766078130153, has log: false, fe type: FOLLOWER
 2025-12-19 04:01:01.131+09:00 WARN (replayer|105) [GlobalStateMgr$5.setCanRead():1983] meta out of date. current time: 1766084461129, synchronized time: 1766081365378, has log: false, fe type: FOLLOWER
 2025-12-19 05:43:52.660+09:00 WARN (replayer|105) [GlobalStateMgr$5.setCanRead():1983] meta out of date. current time: 1766090632656, synchronized time: 1766084483525, has log: false, fe type: FOLLOWER
 2025-12-19 06:01:13.851+09:00 WARN (replayer|105) [GlobalStateMgr$5.setCanRead():1983] meta out of date. current time: 1766091673845, synchronized time: 1766090655061, has log: false, fe type: FOLLOWER
 2025-12-19 06:32:53.600+09:00 WARN (replayer|105) [GlobalStateMgr$5.setCanRead():1983] meta out of date. current time: 1766093573598, synchronized time: 1766091696259, has log: false, fe type: FOLLOWER
 2025-12-19 07:25:08.783+09:00 WARN (replayer|105) [GlobalStateMgr$5.setCanRead():1983] meta out of date. current time: 1766096708782, synchronized time: 1766093596021, has log: false, fe type: FOLLOWER
 2025-12-19 08:34:16.856+09:00 WARN (replayer|105) [GlobalStateMgr$5.setCanRead():1983] meta out of date. current time: 1766100856854, synchronized time: 1766096731355, has log: false, fe type: FOLLOWER
 2025-12-19 08:49:57.743+09:00 WARN (replayer|105) [GlobalStateMgr$5.setCanRead():1983] meta out of date. current time: 1766101797742, synchronized time: 1766100879431, has log: false, fe type: FOLLOWER
 2025-12-19 08:51:13.852+09:00 WARN (replayer|105) [RoutineLoadJob.unprotectUpdateState():1418] routine load job 13325-orders_rl changed to STOPPED with reason: null
 2025-12-19 08:52:57.537+09:00 WARN (replayer|105) [RoutineLoadJob.unprotectUpdateState():1418] routine load job 13398-orders_rl changed to STOPPED with reason: null
 2025-12-19 08:53:23.194+09:00 WARN (replayer|105) [RoutineLoadJob.unprotectUpdateState():1411] routine load job 13410-orders_rl changed to PAUSED with reason: null
 2025-12-19 08:54:48.150+09:00 WARN (replayer|105) [RoutineLoadJob.unprotectUpdateState():1418] routine load job 13410-orders_rl changed to STOPPED with reason: null
 2025-12-19 08:59:56.274+09:00 WARN (replayer|105) [RoutineLoadJob.unprotectUpdateState():1418] routine load job 13427-orders_rl changed to STOPPED with reason: null
 2025-12-19 09:04:41.393+09:00 WARN (replayer|105) [RoutineLoadJob.unprotectUpdateState():1411] routine load job 13505-orders_load changed to PAUSED with reason: null
 2025-12-19 09:04:44.218+09:00 WARN (replayer|105) [RoutineLoadJob.unprotectUpdateState():1418] routine load job 13505-orders_load changed to STOPPED with reason: null
 2025-12-19 09:10:02.438+09:00 WARN (replayer|105) [RoutineLoadJob.unprotectUpdateState():1411] routine load job 13542-orders_rl changed to PAUSED with reason: null
 2025-12-19 09:21:45.724+09:00 WARN (replayer|105) [RoutineLoadJob.unprotectUpdateState():1418] routine load job 13542-orders_rl changed to STOPPED with reason: null
 2025-12-19 09:28:28.658+09:00 WARN (replayer|105) [RoutineLoadJob.unprotectUpdateState():1418] routine load job 13602-orders_rl changed to STOPPED with reason: null
 2025-12-19 09:29:02.687+09:00 WARN (replayer|105) [RoutineLoadJob.unprotectUpdateState():1411] routine load job 13675-orders_rl changed to PAUSED with reason: null
 2025-12-19 09:30:08.773+09:00 WARN (replayer|105) [RoutineLoadJob.unprotectUpdateState():1418] routine load job 13675-orders_rl changed to STOPPED with reason: null
 2025-12-19 10:00:49.060+09:00 WARN (replayer|105) [GlobalStateMgr$5.setCanRead():1983] meta out of date. current time: 1766106049059, synchronized time: 1766105101389, has log: false, fe type: FOLLOWER
 2025-12-19 10:51:05.959+09:00 WARN (replayer|105) [GlobalStateMgr$5.setCanRead():1983] meta out of date. current time: 1766109065957, synchronized time: 1766108095421, has log: false, fe type: FOLLOWER
 2025-12-19 11:02:34.854+09:00 WARN (replayer|105) [GlobalStateMgr$5.setCanRead():1983] meta out of date. current time: 1766109754854, synchronized time: 1766109090422, has log: false, fe type: FOLLOWER
 2025-12-19 11:47:41.013+09:00 WARN (replayer|105) [GlobalStateMgr$5.setCanRead():1983] meta out of date. current time: 1766112461012, synchronized time: 1766109779326, has log: false, fe type: FOLLOWER
 2025-12-19 12:49:03.921+09:00 WARN (replayer|105) [GlobalStateMgr$5.setCanRead():1983] meta out of date. current time: 1766116143920, synchronized time: 1766112485491, has log: false, fe type: FOLLOWER
 2025-12-19 14:04:35.236+09:00 WARN (replayer|105) [GlobalStateMgr$5.setCanRead():1983] meta out of date. current time: 1766120675236, synchronized time: 1766116168402, has log: false, fe type: FOLLOWER
 2025-12-19 14:49:21.726+09:00 WARN (replayer|105) [GlobalStateMgr$5.setCanRead():1983] meta out of date. current time: 1766123361726, synchronized time: 1766120699683, has log: false, fe type: FOLLOWER
 2025-12-19 15:07:44.861+09:00 WARN (replayer|105) [GlobalStateMgr$5.setCanRead():1983] meta out of date. current time: 1766124464860, synchronized time: 1766123386181, has log: false, fe type: FOLLOWER
 2025-12-19 16:38:02.077+09:00 WARN (replayer|105) [GlobalStateMgr$5.setCanRead():1983] meta out of date. current time: 1766129882074, synchronized time: 1766128359659, has log: false, fe type: FOLLOWER
 2025-12-19 16:38:07.075+09:00 WARN (replayer|105) [GlobalStateMgr$5.setCanRead():1983] meta out of date. current time: 1766129887075, synchronized time: 1766128359659, has log: false, fe type: FOLLOWER
 2025-12-19 17:09:59.126+09:00 WARN (replayer|105) [GlobalStateMgr$5.setCanRead():1983] meta out of date. current time: 1766131799123, synchronized time: 1766131469792, has log: false, fe type: FOLLOWER
 2025-12-19 17:10:04.125+09:00 WARN (replayer|105) [GlobalStateMgr$5.setCanRead():1983] meta out of date. current time: 1766131804125, synchronized time: 1766131469792, has log: false, fe type: FOLLOWER
 2025-12-19 17:27:18.291+09:00 WARN (replayer|105) [GlobalStateMgr$5.setCanRead():1983] meta out of date. current time: 1766132838288, synchronized time: 1766132245428, has log: false, fe type: FOLLOWER
 2025-12-19 17:27:23.291+09:00 WARN (replayer|105) [GlobalStateMgr$5.setCanRead():1983] meta out of date. current time: 1766132843291, synchronized time: 1766132245428, has log: false, fe type: FOLLOWER
 2025-12-19 17:51:03.386+09:00 WARN (replayer|105) [GlobalStateMgr$5.setCanRead():1983] meta out of date. current time: 1766134263386, synchronized time: 1766133254651, has log: false, fe type: FOLLOWER
 2025-12-19 17:51:08.387+09:00 WARN (replayer|105) [GlobalStateMgr$5.setCanRead():1983] meta out of date. current time: 1766134268387, synchronized time: 1766133254651, has log: false, fe type: FOLLOWER
 2025-12-19 19:01:31.608+09:00 WARN (replayer|105) [GlobalStateMgr$5.setCanRead():1983] meta out of date. current time: 1766138491608, synchronized time: 1766134289758, has log: false, fe type: FOLLOWER
 2025-12-19 19:01:36.610+09:00 WARN (replayer|105) [GlobalStateMgr$5.setCanRead():1983] meta out of date. current time: 1766138496610, synchronized time: 1766134289758, has log: false, fe type: FOLLOWER
 2025-12-19 19:53:08.696+09:00 WARN (replayer|105) [GlobalStateMgr$5.setCanRead():1983] meta out of date. current time: 1766141588695, synchronized time: 1766138517993, has log: false, fe type: FOLLOWER
 2025-12-19 19:53:13.696+09:00 WARN (replayer|105) [GlobalStateMgr$5.setCanRead():1983] meta out of date. current time: 1766141593696, synchronized time: 1766138517993, has log: false, fe type: FOLLOWER
 